\BOOKMARK [0][-]{chapter.1}{The SubML markup language}{}
\BOOKMARK [1][-]{section.1.1}{Introduction}{chapter.1}
\BOOKMARK [1][-]{section.1.2}{Levels of sections under each chapter}{chapter.1}
\BOOKMARK [2][-]{subsection.1.2.1}{This is the first subsection \(titlebar\)}{section.1.2}
\BOOKMARK [2][-]{subsection.1.2.2}{This is the second subsection \(titlebar\)}{section.1.2}
\BOOKMARK [1][-]{section.1.3}{Gallery of inline text formatting tricks}{chapter.1}
\BOOKMARK [2][-]{subsection.1.3.1}{Sub- and super-scripting}{section.1.3}
\BOOKMARK [2][-]{subsection.1.3.2}{Boolean overline negation}{section.1.3}
\BOOKMARK [2][-]{subsection.1.3.3}{Emphasis fonts}{section.1.3}
\BOOKMARK [2][-]{subsection.1.3.4}{Special dashes}{section.1.3}
\BOOKMARK [1][-]{section.1.4}{Block formatting}{chapter.1}
\BOOKMARK [1][-]{section.1.5}{Including graphic images in a document}{chapter.1}
\BOOKMARK [2][-]{subsection.1.5.1}{Labeling a figure}{section.1.5}
\BOOKMARK [2][-]{subsection.1.5.2}{Scaling an image}{section.1.5}
\BOOKMARK [1][-]{section.1.6}{Special characters}{chapter.1}
\BOOKMARK [1][-]{section.1.7}{Tex/Latex only, HTML only }{chapter.1}
\BOOKMARK [1][-]{section.1.8}{Hyperlinks and targets}{chapter.1}
\BOOKMARK [1][-]{section.1.9}{Bibliography and citations}{chapter.1}
\BOOKMARK [1][-]{section.1.10}{What SubML won't do}{chapter.1}
\BOOKMARK [1][-]{section.1.11}{How to do the conversion}{chapter.1}
\BOOKMARK [1][-]{section.1.12}{How mini TOC works}{chapter.1}
\BOOKMARK [2][-]{subsection.1.12.1}{Table of contents - TOC }{section.1.12}
