This is pdfeTeX, Version 3.141592-1.21a-2.2 (Web2C 7.5.4) (format=latex 2009.9.3)  25 NOV 2009 17:14
entering extended mode
**tutorial.latex
(./tutorial.latex
LaTeX2e <2003/12/01>
Babel <v3.8d> and hyphenation patterns for american, french, german, ngerman, b
ahasa, basque, bulgarian, catalan, croatian, czech, danish, dutch, esperanto, e
stonian, finnish, greek, icelandic, irish, italian, latin, magyar, norsk, polis
h, portuges, romanian, russian, serbian, slovak, slovene, spanish, swedish, tur
kish, ukrainian, nohyphenation, loaded.
(/usr/share/texmf/tex/latex/base/book.cls
Document Class: book 2004/02/16 v1.4f Standard LaTeX document class
(/usr/share/texmf/tex/latex/base/bk10.clo
File: bk10.clo 2004/02/16 v1.4f Standard LaTeX file (size option)
)
\c@part=\count79
\c@chapter=\count80
\c@section=\count81
\c@subsection=\count82
\c@subsubsection=\count83
\c@paragraph=\count84
\c@subparagraph=\count85
\c@figure=\count86
\c@table=\count87
\abovecaptionskip=\skip41
\belowcaptionskip=\skip42
\bibindent=\dimen102
)
(/usr/share/texmf/tex/latex/base/makeidx.sty
Package: makeidx 2000/03/29 v1.0m Standard LaTeX package
)
(/usr/share/texmf/tex/latex/graphics/graphicx.sty
Package: graphicx 1999/02/16 v1.0f Enhanced LaTeX Graphics (DPC,SPQR)

(/usr/share/texmf/tex/latex/graphics/keyval.sty
Package: keyval 1999/03/16 v1.13 key=value parser (DPC)
\KV@toks@=\toks14
)
(/usr/share/texmf/tex/latex/graphics/graphics.sty
Package: graphics 2001/07/07 v1.0n Standard LaTeX Graphics (DPC,SPQR)

(/usr/share/texmf/tex/latex/graphics/trig.sty
Package: trig 1999/03/16 v1.09 sin cos tan (DPC)
)
(/usr/share/texmf/tex/latex/graphics/graphics.cfg
File: graphics.cfg 2005/02/03 v1.3 graphics configuration of teTeX/TeXLive
)
Package graphics Info: Driver file: dvips.def on input line 80.

(/usr/share/texmf/tex/latex/graphics/dvips.def
File: dvips.def 1999/02/16 v3.0i Driver-dependant file (DPC,SPQR)
))
\Gin@req@height=\dimen103
\Gin@req@width=\dimen104
)
\@indexfile=\write3
\openout3 = `tutorial.idx'.


Writing index file tutorial.idx
(/usr/share/texmf/tex/latex/hyperref/hyperref.sty
Package: hyperref 2003/11/30 v6.74m Hypertext links for LaTeX
\@linkdim=\dimen105
\Hy@linkcounter=\count88
\Hy@pagecounter=\count89

(/usr/share/texmf/tex/latex/hyperref/pd1enc.def
File: pd1enc.def 2003/11/30 v6.74m Hyperref: PDFDocEncoding definition (HO)
)
(/usr/share/texmf/tex/latex/hyperref/hyperref.cfg
File: hyperref.cfg 2002/06/06 v1.2 hyperref configuration of TeXLive and teTeX
)
Package hyperref Info: Option `bookmarks' set `true' on input line 1830.
Package hyperref Info: Option `colorlinks' set `true' on input line 1830.
Package hyperref Info: Option `hyperindex' set `true' on input line 1830.
Package hyperref Info: Hyper figures OFF on input line 1880.
Package hyperref Info: Link nesting OFF on input line 1885.
Package hyperref Info: Hyper index ON on input line 1888.
Package hyperref Info: Plain pages ON on input line 1893.
Package hyperref Info: Backreferencing OFF on input line 1900.

Implicit mode ON; LaTeX internals redefined
Package hyperref Info: Bookmarks ON on input line 2004.
(/usr/share/texmf/tex/latex/html/url.sty
Package: url 1999/03/02  ver 1.4  Verb mode for urls, email addresses, and file
 names
)
LaTeX Info: Redefining \url on input line 2143.
\Fld@menulength=\count90
\Field@Width=\dimen106
\Fld@charsize=\dimen107
\Choice@toks=\toks15
\Field@toks=\toks16
Package hyperref Info: Hyper figures OFF on input line 2618.
Package hyperref Info: Link nesting OFF on input line 2623.
Package hyperref Info: Hyper index ON on input line 2626.
Package hyperref Info: backreferencing OFF on input line 2633.
Package hyperref Info: Link coloring ON on input line 2636.
\c@Item=\count91
\c@Hfootnote=\count92
)
*hyperref using driver hdvips*
(/usr/share/texmf/tex/latex/hyperref/hdvips.def
File: hdvips.def 2003/11/30 v6.74m Hyperref driver for dvips

(/usr/share/texmf/tex/latex/hyperref/pdfmark.def
File: pdfmark.def 2003/11/30 v6.74m Hyperref definitions for pdfmark specials
\pdf@docset=\toks17
\pdf@box=\box26
\pdf@toks=\toks18
\pdf@defaulttoks=\toks19
\Fld@listcount=\count93
\@outlinefile=\write4
)) (./tutorial.aux)
\openout1 = `tutorial.aux'.

LaTeX Font Info:    Checking defaults for OML/cmm/m/it on input line 15.
LaTeX Font Info:    ... okay on input line 15.
LaTeX Font Info:    Checking defaults for T1/cmr/m/n on input line 15.
LaTeX Font Info:    ... okay on input line 15.
LaTeX Font Info:    Checking defaults for OT1/cmr/m/n on input line 15.
LaTeX Font Info:    ... okay on input line 15.
LaTeX Font Info:    Checking defaults for OMS/cmsy/m/n on input line 15.
LaTeX Font Info:    ... okay on input line 15.
LaTeX Font Info:    Checking defaults for OMX/cmex/m/n on input line 15.
LaTeX Font Info:    ... okay on input line 15.
LaTeX Font Info:    Checking defaults for U/cmr/m/n on input line 15.
LaTeX Font Info:    ... okay on input line 15.
LaTeX Font Info:    Checking defaults for PD1/pdf/m/n on input line 15.
LaTeX Font Info:    ... okay on input line 15.

(/usr/share/texmf/tex/latex/graphics/color.sty
Package: color 1999/02/16 v1.0i Standard LaTeX Color (DPC)

(/usr/share/texmf/tex/latex/graphics/color.cfg
File: color.cfg 2005/02/03 v1.3 color configuration of teTeX/TeXLive
)
Package color Info: Driver file: dvips.def on input line 125.

(/usr/share/texmf/tex/latex/graphics/dvipsnam.def
File: dvipsnam.def 1999/02/16 v3.0i Driver-dependant file (DPC,SPQR)
))
Package hyperref Info: Link coloring ON on input line 15.

(/usr/share/texmf/tex/latex/hyperref/nameref.sty
Package: nameref 2003/12/03 v2.21 Cross-referencing by name of section
\c@section@level=\count94
)
LaTeX Info: Redefining \ref on input line 15.
LaTeX Info: Redefining \pageref on input line 15.
 (./tutorial.out)
(./tutorial.out)
\openout4 = `tutorial.out'.


Chapter 1.
LaTeX Font Info:    Try loading font information for OMS+cmr on input line 39.
(/usr/share/texmf/tex/latex/base/omscmr.fd
File: omscmr.fd 1999/05/25 v2.5h Standard LaTeX font definitions
)
LaTeX Font Info:    Font shape `OMS/cmr/m/n' in size <10> not available
(Font)              Font shape `OMS/cmsy/m/n' tried instead on input line 39.
LaTeX Font Info:    External font `cmex10' loaded for size
(Font)              <7> on input line 55.
LaTeX Font Info:    External font `cmex10' loaded for size
(Font)              <5> on input line 55.
 [1


] [2] [3]
Overfull \hbox (6.02754pt too wide) in paragraph at lines 207--208
[]$\OML/cmm/m/it/10 <$\OT1/cmr/m/n/10 math$\OML/cmm/m/it/10 >$\OT1/cmr/m/n/10 Y
 = $\OML/cmm/m/it/10 <$\OT1/cmr/m/n/10 ob$\OML/cmm/m/it/10 >$\OT1/cmr/m/n/10 ($
\OML/cmm/m/it/10 <$\OT1/cmr/m/n/10 ob$\OML/cmm/m/it/10 >$\OT1/cmr/m/n/10 A$\OML
/cmm/m/it/10 <$\OT1/cmr/m/n/10 /ob$\OML/cmm/m/it/10 >$ \OT1/cmr/m/n/10 + $\OML/
cmm/m/it/10 <$\OT1/cmr/m/n/10 ob$\OML/cmm/m/it/10 >$\OT1/cmr/m/n/10 B$\OML/cmm/
m/it/10 <$\OT1/cmr/m/n/10 /ob$\OML/cmm/m/it/10 >$\OT1/cmr/m/n/10 )$\OML/cmm/m/i
t/10 <$\OT1/cmr/m/n/10 /ob$\OML/cmm/m/it/10 >$$<$\OT1/cmr/m/n/10 /math$\OML/cmm
/m/it/10 >$    \OT1/cmr/m/n/10 This
 []

[4] [5] [6] [7]
File: test.eps Graphic file (type eps)
 <test.eps>
File: test.eps Graphic file (type eps)
 <test.eps>
Overfull \hbox (16.4698pt too wide) in paragraph at lines 420--420
[]$\OML/cmm/m/it/10 <$\OT1/cmtt/m/n/10 image$\OML/cmm/m/it/10 >$\OT1/cmtt/m/n/1
0 test.png$\OML/cmm/m/it/10 <$\OT1/cmtt/m/n/10 caption$\OML/cmm/m/it/10 >$\OT1/
cmtt/m/n/10 This is a fine caption.$\OML/cmm/m/it/10 <$\OT1/cmtt/m/n/10 /captio
n$\OML/cmm/m/it/10 >$$<$\OT1/cmtt/m/n/10 /image$\OML/cmm/m/it/10 >$ 
 []

[8]
File: test.eps Graphic file (type eps)
 <test.eps> [9] [10]
Overfull \hbox (14.13622pt too wide) in paragraph at lines 532--532
[]$\OML/cmm/m/it/10 <$\OT1/cmtt/m/n/10 image$\OML/cmm/m/it/10 >$\OT1/cmtt/m/n/1
0 [scale=0.5]test.png$\OML/cmm/m/it/10 <$\OT1/cmtt/m/n/10 caption$\OML/cmm/m/it
/10 >$\OT1/cmtt/m/n/10 This is scaled down in LaTeX.$\OML/cmm/m/it/10 <$\OT1/cm
tt/m/n/10 / 
 []

File: test.eps Graphic file (type eps)
<test.eps> [11] [12] [13] [14] [15] [16]
Overfull \hbox (11.80263pt too wide) in paragraph at lines 816--816
[]$\OML/cmm/m/it/10 <$\OT1/cmtt/m/n/10 url$\OML/cmm/m/it/10 >$\OT1/cmtt/m/n/10 
http:www.ibiblio.org/obp/electricCircuits/index.htm[Lessons in
 []


Overfull \hbox (27.35823pt too wide) in paragraph at lines 844--844
[]$\OML/cmm/m/it/10 <$\OT1/cmtt/m/n/10 hyperlink$\OML/cmm/m/it/10 >$\OT1/cmtt/m
/n/10 LINK[Click]$\OML/cmm/m/it/10 <$\OT1/cmtt/m/n/10 /hyperlink$\OML/cmm/m/it/
10 >$ \OT1/cmtt/m/n/10 to go to target at top of section. 
 []

[17] [18] [19

]
Overfull \hbox (11.99689pt too wide) in paragraph at lines 923--923
[]\OT1/cmtt/m/n/10 Another thing SubML makes no provision for is easy, verbatim
 display 
 []


Overfull \hbox (1.49698pt too wide) in paragraph at lines 924--924
[]\OT1/cmtt/m/n/10 of its own markup code.  In order to show verbatim SubML cod
e, you 
 []


Overfull \hbox (1.49698pt too wide) in paragraph at lines 928--928
[]\OT1/cmtt/m/n/10 For a really wild experience, view the source code of this f
ile to 
 []

[20] [21] [22]
No file tutorial.ind.
[23] (./tutorial.aux) ) 
Here is how much of TeX's memory you used:
 2474 strings out of 94501
 33740 string characters out of 1176790
 88928 words of memory out of 1000000
 5658 multiletter control sequences out of 10000+50000
 7237 words of font info for 26 fonts, out of 500000 for 2000
 580 hyphenation exceptions out of 1000
 25i,8n,36p,1137b,289s stack positions out of 1500i,500n,5000p,200000b,5000s

Output written on tutorial.dvi (23 pages, 84868 bytes).
